2024-05-15 13:05:34,661 INFO com.tt.Buoi31Application [restartedMain] Starting Buoi31Application using Java 17.0.9 with PID 29784 (D:\TB_36_37\Buoi31-error\target\classes started by admin in D:\TB_36_37\Buoi31-error)
2024-05-15 13:05:34,677 INFO com.tt.Buoi31Application [restartedMain] The following 1 profile is active: "local"
2024-05-15 13:05:34,776 INFO org.springframework.boot.devtools.env.DevToolsPropertyDefaultsPostProcessor [restartedMain] Devtools property defaults active! Set 'spring.devtools.add-properties' to 'false' to disable
2024-05-15 13:05:34,776 INFO org.springframework.boot.devtools.env.DevToolsPropertyDefaultsPostProcessor [restartedMain] For additional web related logging consider setting the 'logging.level.web' property to 'DEBUG'
2024-05-15 13:05:36,563 INFO org.springframework.data.repository.config.RepositoryConfigurationDelegate [restartedMain] Bootstrapping Spring Data JPA repositories in DEFAULT mode.
2024-05-15 13:05:36,660 INFO org.springframework.data.repository.config.RepositoryConfigurationDelegate [restartedMain] Finished Spring Data repository scanning in 86 ms. Found 4 JPA repository interfaces.
2024-05-15 13:05:37,714 INFO org.springframework.boot.web.embedded.tomcat.TomcatWebServer [restartedMain] Tomcat initialized with port 8080 (http)
2024-05-15 13:05:37,734 INFO org.apache.catalina.core.StandardService [restartedMain] Starting service [Tomcat]
2024-05-15 13:05:37,734 INFO org.apache.catalina.core.StandardEngine [restartedMain] Starting Servlet engine: [Apache Tomcat/10.1.20]
2024-05-15 13:05:37,844 INFO org.apache.catalina.core.ContainerBase.[Tomcat].[localhost].[/] [restartedMain] Initializing Spring embedded WebApplicationContext
2024-05-15 13:05:37,844 INFO org.springframework.boot.web.servlet.context.ServletWebServerApplicationContext [restartedMain] Root WebApplicationContext: initialization completed in 3068 ms
2024-05-15 13:05:38,085 INFO org.hibernate.jpa.internal.util.LogHelper [restartedMain] HHH000204: Processing PersistenceUnitInfo [name: default]
2024-05-15 13:05:38,191 INFO org.hibernate.Version [restartedMain] HHH000412: Hibernate ORM core version 6.4.4.Final
2024-05-15 13:05:38,260 INFO org.hibernate.cache.internal.RegionFactoryInitiator [restartedMain] HHH000026: Second-level cache disabled
2024-05-15 13:05:38,509 INFO org.springframework.orm.jpa.persistenceunit.SpringPersistenceUnitInfo [restartedMain] No LoadTimeWeaver setup: ignoring JPA class transformer
2024-05-15 13:05:38,545 INFO com.zaxxer.hikari.HikariDataSource [restartedMain] HikariPool-1 - Starting...
2024-05-15 13:05:38,763 INFO com.zaxxer.hikari.pool.HikariPool [restartedMain] HikariPool-1 - Added connection com.mysql.cj.jdbc.ConnectionImpl@21e8158c
2024-05-15 13:05:38,776 INFO com.zaxxer.hikari.HikariDataSource [restartedMain] HikariPool-1 - Start completed.
2024-05-15 13:05:38,843 WARN org.hibernate.dialect.Dialect [restartedMain] HHH000511: The 5.5.0 version for [org.hibernate.dialect.MySQLDialect] is no longer supported, hence certain features may not work properly. The minimum supported version is 8.0.0. Check the community dialects project for available legacy versions.
2024-05-15 13:05:40,489 INFO org.hibernate.engine.transaction.jta.platform.internal.JtaPlatformInitiator [restartedMain] HHH000489: No JTA platform available (set 'hibernate.transaction.jta.platform' to enable JTA platform integration)
2024-05-15 13:05:40,759 INFO org.springframework.orm.jpa.LocalContainerEntityManagerFactoryBean [restartedMain] Initialized JPA EntityManagerFactory for persistence unit 'default'
2024-05-15 13:05:41,283 INFO org.springframework.data.jpa.repository.query.QueryEnhancerFactory [restartedMain] Hibernate is in classpath; If applicable, HQL parser will be used.
2024-05-15 13:05:42,060 WARN org.springframework.boot.autoconfigure.orm.jpa.JpaBaseConfiguration$JpaWebConfiguration [restartedMain] spring.jpa.open-in-view is enabled by default. Therefore, database queries may be performed during view rendering. Explicitly configure spring.jpa.open-in-view to disable this warning
2024-05-15 13:05:42,694 INFO org.springframework.security.web.DefaultSecurityFilterChain [restartedMain] Will secure any request with [org.springframework.security.web.session.DisableEncodeUrlFilter@9126f90e, org.springframework.security.web.context.request.async.WebAsyncManagerIntegrationFilter@c6408c61, org.springframework.security.web.context.SecurityContextHolderFilter@44fcc7ce, org.springframework.security.web.header.HeaderWriterFilter@6e607f06, org.springframework.web.filter.CorsFilter@eb990d49, org.springframework.security.web.authentication.logout.LogoutFilter@3b8bec9c, org.springframework.security.web.authentication.UsernamePasswordAuthenticationFilter@37c3fc4c, org.springframework.security.web.authentication.ui.DefaultLoginPageGeneratingFilter@c200e8cb, org.springframework.security.web.authentication.ui.DefaultLogoutPageGeneratingFilter@d624251b, org.springframework.security.web.savedrequest.RequestCacheAwareFilter@78a1d448, org.springframework.security.web.servletapi.SecurityContextHolderAwareRequestFilter@1051310f, org.springframework.security.web.authentication.AnonymousAuthenticationFilter@dfbeca20, org.springframework.security.web.access.ExceptionTranslationFilter@a385f0a4, org.springframework.security.web.access.intercept.FilterSecurityInterceptor@15478fe0]
2024-05-15 13:05:43,173 INFO org.springframework.boot.devtools.autoconfigure.OptionalLiveReloadServer [restartedMain] LiveReload server is running on port 35729
2024-05-15 13:05:43,219 INFO org.springframework.boot.web.embedded.tomcat.TomcatWebServer [restartedMain] Tomcat started on port 8080 (http) with context path ''
2024-05-15 13:05:43,244 INFO com.tt.Buoi31Application [restartedMain] Started Buoi31Application in 9.501 seconds (process running for 11.065)
2024-05-15 13:06:35,999 INFO org.apache.catalina.core.ContainerBase.[Tomcat].[localhost].[/] [http-nio-8080-exec-1] Initializing Spring DispatcherServlet 'dispatcherServlet'
2024-05-15 13:06:35,999 INFO org.springframework.web.servlet.DispatcherServlet [http-nio-8080-exec-1] Initializing Servlet 'dispatcherServlet'
2024-05-15 13:06:35,999 INFO org.springframework.web.servlet.DispatcherServlet [http-nio-8080-exec-1] Completed initialization in 0 ms
2024-05-15 13:07:02,115 WARN org.thymeleaf.standard.processor.AbstractStandardFragmentInsertionTagProcessor [http-nio-8080-exec-9] [THYMELEAF][http-nio-8080-exec-9][admin-index] Deprecated unwrapped fragment expression "admin/admin-product-list.html::adminProductList" found in template admin-index, line 45, col 10. Please use the complete syntax of fragment expressions instead ("~{admin/admin-product-list.html::adminProductList}"). The old, unwrapped syntax for fragment expressions will be removed in future versions of Thymeleaf.
2024-05-15 13:07:07,196 WARN org.thymeleaf.standard.processor.AbstractStandardFragmentInsertionTagProcessor [http-nio-8080-exec-9] [THYMELEAF][http-nio-8080-exec-9][admin-index] Deprecated unwrapped fragment expression "admin/admin-product-list.html::adminProductList" found in template admin-index, line 45, col 10. Please use the complete syntax of fragment expressions instead ("~{admin/admin-product-list.html::adminProductList}"). The old, unwrapped syntax for fragment expressions will be removed in future versions of Thymeleaf.
2024-05-15 13:07:08,153 WARN org.thymeleaf.standard.processor.AbstractStandardFragmentInsertionTagProcessor [http-nio-8080-exec-2] [THYMELEAF][http-nio-8080-exec-2][admin-index] Deprecated unwrapped fragment expression "admin/admin-account-list.html::adminAccountList" found in template admin-index, line 41, col 10. Please use the complete syntax of fragment expressions instead ("~{admin/admin-account-list.html::adminAccountList}"). The old, unwrapped syntax for fragment expressions will be removed in future versions of Thymeleaf.
2024-05-15 13:07:10,646 WARN org.thymeleaf.standard.processor.AbstractStandardFragmentInsertionTagProcessor [http-nio-8080-exec-3] [THYMELEAF][http-nio-8080-exec-3][admin-index] Deprecated unwrapped fragment expression "admin/admin-account-list.html::adminAccountList" found in template admin-index, line 41, col 10. Please use the complete syntax of fragment expressions instead ("~{admin/admin-account-list.html::adminAccountList}"). The old, unwrapped syntax for fragment expressions will be removed in future versions of Thymeleaf.
2024-05-15 13:07:11,366 WARN org.thymeleaf.standard.processor.AbstractStandardFragmentInsertionTagProcessor [http-nio-8080-exec-8] [THYMELEAF][http-nio-8080-exec-8][admin-index] Deprecated unwrapped fragment expression "admin/admin-product-list.html::adminProductList" found in template admin-index, line 45, col 10. Please use the complete syntax of fragment expressions instead ("~{admin/admin-product-list.html::adminProductList}"). The old, unwrapped syntax for fragment expressions will be removed in future versions of Thymeleaf.
2024-05-15 13:07:12,143 WARN org.thymeleaf.standard.processor.AbstractStandardFragmentInsertionTagProcessor [http-nio-8080-exec-10] [THYMELEAF][http-nio-8080-exec-10][admin-index] Deprecated unwrapped fragment expression "admin/admin-category-list.html::adminCategoryList" found in template admin-index, line 62, col 10. Please use the complete syntax of fragment expressions instead ("~{admin/admin-category-list.html::adminCategoryList}"). The old, unwrapped syntax for fragment expressions will be removed in future versions of Thymeleaf.
2024-05-15 13:07:12,806 WARN org.thymeleaf.standard.processor.AbstractStandardFragmentInsertionTagProcessor [http-nio-8080-exec-5] [THYMELEAF][http-nio-8080-exec-5][admin-index] Deprecated unwrapped fragment expression "admin/admin-new-list.html::adminNewList" found in template admin-index, line 74, col 10. Please use the complete syntax of fragment expressions instead ("~{admin/admin-new-list.html::adminNewList}"). The old, unwrapped syntax for fragment expressions will be removed in future versions of Thymeleaf.
2024-05-15 13:07:17,533 WARN org.thymeleaf.standard.processor.AbstractStandardFragmentInsertionTagProcessor [http-nio-8080-exec-7] [THYMELEAF][http-nio-8080-exec-7][admin-index] Deprecated unwrapped fragment expression "admin/new/edit-new.html::editNew" found in template admin-index, line 81, col 10. Please use the complete syntax of fragment expressions instead ("~{admin/new/edit-new.html::editNew}"). The old, unwrapped syntax for fragment expressions will be removed in future versions of Thymeleaf.
2024-05-15 13:07:25,486 WARN org.thymeleaf.standard.processor.AbstractStandardFragmentInsertionTagProcessor [http-nio-8080-exec-6] [THYMELEAF][http-nio-8080-exec-6][admin-index] Deprecated unwrapped fragment expression "admin/admin-new-list.html::adminNewList" found in template admin-index, line 74, col 10. Please use the complete syntax of fragment expressions instead ("~{admin/admin-new-list.html::adminNewList}"). The old, unwrapped syntax for fragment expressions will be removed in future versions of Thymeleaf.
2024-05-15 13:07:28,159 WARN org.thymeleaf.standard.processor.AbstractStandardFragmentInsertionTagProcessor [http-nio-8080-exec-4] [THYMELEAF][http-nio-8080-exec-4][admin-index] Deprecated unwrapped fragment expression "admin/new/edit-new.html::editNew" found in template admin-index, line 81, col 10. Please use the complete syntax of fragment expressions instead ("~{admin/new/edit-new.html::editNew}"). The old, unwrapped syntax for fragment expressions will be removed in future versions of Thymeleaf.
2024-05-15 13:07:36,427 WARN org.thymeleaf.standard.processor.AbstractStandardFragmentInsertionTagProcessor [http-nio-8080-exec-3] [THYMELEAF][http-nio-8080-exec-3][admin-index] Deprecated unwrapped fragment expression "admin/admin-new-list.html::adminNewList" found in template admin-index, line 74, col 10. Please use the complete syntax of fragment expressions instead ("~{admin/admin-new-list.html::adminNewList}"). The old, unwrapped syntax for fragment expressions will be removed in future versions of Thymeleaf.
2024-05-15 13:07:44,670 WARN org.thymeleaf.standard.processor.AbstractStandardFragmentInsertionTagProcessor [http-nio-8080-exec-6] [THYMELEAF][http-nio-8080-exec-6][admin-index] Deprecated unwrapped fragment expression "admin/new/edit-new.html::editNew" found in template admin-index, line 81, col 10. Please use the complete syntax of fragment expressions instead ("~{admin/new/edit-new.html::editNew}"). The old, unwrapped syntax for fragment expressions will be removed in future versions of Thymeleaf.
2024-05-15 13:07:50,118 WARN org.thymeleaf.standard.processor.AbstractStandardFragmentInsertionTagProcessor [http-nio-8080-exec-7] [THYMELEAF][http-nio-8080-exec-7][admin-index] Deprecated unwrapped fragment expression "admin/admin-new-list.html::adminNewList" found in template admin-index, line 74, col 10. Please use the complete syntax of fragment expressions instead ("~{admin/admin-new-list.html::adminNewList}"). The old, unwrapped syntax for fragment expressions will be removed in future versions of Thymeleaf.
2024-05-15 13:09:17,267 INFO org.springframework.orm.jpa.LocalContainerEntityManagerFactoryBean [SpringApplicationShutdownHook] Closing JPA EntityManagerFactory for persistence unit 'default'
2024-05-15 13:09:17,278 INFO com.zaxxer.hikari.HikariDataSource [SpringApplicationShutdownHook] HikariPool-1 - Shutdown initiated...
2024-05-15 13:09:17,293 INFO com.zaxxer.hikari.HikariDataSource [SpringApplicationShutdownHook] HikariPool-1 - Shutdown completed.
2024-05-15 13:09:22,039 INFO com.tt.Buoi31Application [restartedMain] Starting Buoi31Application using Java 17.0.9 with PID 8312 (D:\TB_36_37\Buoi31-error\target\classes started by admin in D:\TB_36_37\Buoi31-error)
2024-05-15 13:09:22,055 INFO com.tt.Buoi31Application [restartedMain] The following 1 profile is active: "local"
2024-05-15 13:09:22,117 INFO org.springframework.boot.devtools.env.DevToolsPropertyDefaultsPostProcessor [restartedMain] Devtools property defaults active! Set 'spring.devtools.add-properties' to 'false' to disable
2024-05-15 13:09:22,117 INFO org.springframework.boot.devtools.env.DevToolsPropertyDefaultsPostProcessor [restartedMain] For additional web related logging consider setting the 'logging.level.web' property to 'DEBUG'
2024-05-15 13:09:23,180 INFO org.springframework.data.repository.config.RepositoryConfigurationDelegate [restartedMain] Bootstrapping Spring Data JPA repositories in DEFAULT mode.
2024-05-15 13:09:23,243 INFO org.springframework.data.repository.config.RepositoryConfigurationDelegate [restartedMain] Finished Spring Data repository scanning in 66 ms. Found 4 JPA repository interfaces.
2024-05-15 13:09:24,080 INFO org.springframework.boot.web.embedded.tomcat.TomcatWebServer [restartedMain] Tomcat initialized with port 8080 (http)
2024-05-15 13:09:24,096 INFO org.apache.catalina.core.StandardService [restartedMain] Starting service [Tomcat]
2024-05-15 13:09:24,096 INFO org.apache.catalina.core.StandardEngine [restartedMain] Starting Servlet engine: [Apache Tomcat/10.1.20]
2024-05-15 13:09:24,158 INFO org.apache.catalina.core.ContainerBase.[Tomcat].[localhost].[/] [restartedMain] Initializing Spring embedded WebApplicationContext
2024-05-15 13:09:24,158 INFO org.springframework.boot.web.servlet.context.ServletWebServerApplicationContext [restartedMain] Root WebApplicationContext: initialization completed in 2041 ms
2024-05-15 13:09:24,348 INFO org.hibernate.jpa.internal.util.LogHelper [restartedMain] HHH000204: Processing PersistenceUnitInfo [name: default]
2024-05-15 13:09:24,395 INFO org.hibernate.Version [restartedMain] HHH000412: Hibernate ORM core version 6.4.4.Final
2024-05-15 13:09:24,458 INFO org.hibernate.cache.internal.RegionFactoryInitiator [restartedMain] HHH000026: Second-level cache disabled
2024-05-15 13:09:24,664 INFO org.springframework.orm.jpa.persistenceunit.SpringPersistenceUnitInfo [restartedMain] No LoadTimeWeaver setup: ignoring JPA class transformer
2024-05-15 13:09:24,695 INFO com.zaxxer.hikari.HikariDataSource [restartedMain] HikariPool-1 - Starting...
2024-05-15 13:09:24,869 INFO com.zaxxer.hikari.pool.HikariPool [restartedMain] HikariPool-1 - Added connection com.mysql.cj.jdbc.ConnectionImpl@b17a4554
2024-05-15 13:09:24,869 INFO com.zaxxer.hikari.HikariDataSource [restartedMain] HikariPool-1 - Start completed.
2024-05-15 13:09:24,916 WARN org.hibernate.dialect.Dialect [restartedMain] HHH000511: The 5.5.0 version for [org.hibernate.dialect.MySQLDialect] is no longer supported, hence certain features may not work properly. The minimum supported version is 8.0.0. Check the community dialects project for available legacy versions.
2024-05-15 13:09:26,056 INFO org.hibernate.engine.transaction.jta.platform.internal.JtaPlatformInitiator [restartedMain] HHH000489: No JTA platform available (set 'hibernate.transaction.jta.platform' to enable JTA platform integration)
2024-05-15 13:09:26,359 INFO org.springframework.orm.jpa.LocalContainerEntityManagerFactoryBean [restartedMain] Initialized JPA EntityManagerFactory for persistence unit 'default'
2024-05-15 13:09:26,643 INFO org.springframework.data.jpa.repository.query.QueryEnhancerFactory [restartedMain] Hibernate is in classpath; If applicable, HQL parser will be used.
2024-05-15 13:09:27,326 WARN org.springframework.boot.autoconfigure.orm.jpa.JpaBaseConfiguration$JpaWebConfiguration [restartedMain] spring.jpa.open-in-view is enabled by default. Therefore, database queries may be performed during view rendering. Explicitly configure spring.jpa.open-in-view to disable this warning
2024-05-15 13:09:27,768 INFO org.springframework.security.web.DefaultSecurityFilterChain [restartedMain] Will secure any request with [org.springframework.security.web.session.DisableEncodeUrlFilter@b2e0d091, org.springframework.security.web.context.request.async.WebAsyncManagerIntegrationFilter@91dd3057, org.springframework.security.web.context.SecurityContextHolderFilter@94b6074f, org.springframework.security.web.header.HeaderWriterFilter@ea4db490, org.springframework.web.filter.CorsFilter@218bf7d6, org.springframework.security.web.authentication.logout.LogoutFilter@eb1a1d9, org.springframework.security.web.authentication.UsernamePasswordAuthenticationFilter@3dff39db, org.springframework.security.web.authentication.ui.DefaultLoginPageGeneratingFilter@e41beb70, org.springframework.security.web.authentication.ui.DefaultLogoutPageGeneratingFilter@634bf987, org.springframework.security.web.savedrequest.RequestCacheAwareFilter@143f7d33, org.springframework.security.web.servletapi.SecurityContextHolderAwareRequestFilter@9c441b63, org.springframework.security.web.authentication.AnonymousAuthenticationFilter@7ab68de4, org.springframework.security.web.access.ExceptionTranslationFilter@1dcb9d0b, org.springframework.security.web.access.intercept.FilterSecurityInterceptor@43bf7878]
2024-05-15 13:09:28,124 INFO org.springframework.boot.devtools.autoconfigure.OptionalLiveReloadServer [restartedMain] LiveReload server is running on port 35729
2024-05-15 13:09:28,195 INFO org.springframework.boot.web.embedded.tomcat.TomcatWebServer [restartedMain] Tomcat started on port 8080 (http) with context path ''
2024-05-15 13:09:28,227 INFO com.tt.Buoi31Application [restartedMain] Started Buoi31Application in 6.886 seconds (process running for 8.102)
2024-05-15 13:10:25,381 INFO org.apache.catalina.core.ContainerBase.[Tomcat].[localhost].[/] [http-nio-8080-exec-1] Initializing Spring DispatcherServlet 'dispatcherServlet'
2024-05-15 13:10:25,381 INFO org.springframework.web.servlet.DispatcherServlet [http-nio-8080-exec-1] Initializing Servlet 'dispatcherServlet'
2024-05-15 13:10:25,381 INFO org.springframework.web.servlet.DispatcherServlet [http-nio-8080-exec-1] Completed initialization in 0 ms
2024-05-15 13:10:26,346 WARN org.thymeleaf.standard.processor.AbstractStandardFragmentInsertionTagProcessor [http-nio-8080-exec-1] [THYMELEAF][http-nio-8080-exec-1][admin-index] Deprecated unwrapped fragment expression "admin/new/edit-new.html::editNew" found in template admin-index, line 81, col 10. Please use the complete syntax of fragment expressions instead ("~{admin/new/edit-new.html::editNew}"). The old, unwrapped syntax for fragment expressions will be removed in future versions of Thymeleaf.
2024-05-15 13:10:37,608 WARN org.thymeleaf.standard.processor.AbstractStandardFragmentInsertionTagProcessor [http-nio-8080-exec-6] [THYMELEAF][http-nio-8080-exec-6][admin-index] Deprecated unwrapped fragment expression "admin/admin-new-list.html::adminNewList" found in template admin-index, line 74, col 10. Please use the complete syntax of fragment expressions instead ("~{admin/admin-new-list.html::adminNewList}"). The old, unwrapped syntax for fragment expressions will be removed in future versions of Thymeleaf.
2024-05-15 13:10:42,290 WARN org.thymeleaf.standard.processor.AbstractStandardFragmentInsertionTagProcessor [http-nio-8080-exec-3] [THYMELEAF][http-nio-8080-exec-3][admin-index] Deprecated unwrapped fragment expression "admin/new/edit-new.html::editNew" found in template admin-index, line 81, col 10. Please use the complete syntax of fragment expressions instead ("~{admin/new/edit-new.html::editNew}"). The old, unwrapped syntax for fragment expressions will be removed in future versions of Thymeleaf.
2024-05-15 13:11:28,984 INFO org.springframework.orm.jpa.LocalContainerEntityManagerFactoryBean [SpringApplicationShutdownHook] Closing JPA EntityManagerFactory for persistence unit 'default'
2024-05-15 13:11:28,984 INFO com.zaxxer.hikari.HikariDataSource [SpringApplicationShutdownHook] HikariPool-1 - Shutdown initiated...
2024-05-15 13:11:29,000 INFO com.zaxxer.hikari.HikariDataSource [SpringApplicationShutdownHook] HikariPool-1 - Shutdown completed.
2024-05-15 13:11:33,325 INFO com.tt.Buoi31Application [restartedMain] Starting Buoi31Application using Java 17.0.9 with PID 32212 (D:\TB_36_37\Buoi31-error\target\classes started by admin in D:\TB_36_37\Buoi31-error)
2024-05-15 13:11:33,375 INFO com.tt.Buoi31Application [restartedMain] The following 1 profile is active: "local"
2024-05-15 13:11:33,451 INFO org.springframework.boot.devtools.env.DevToolsPropertyDefaultsPostProcessor [restartedMain] Devtools property defaults active! Set 'spring.devtools.add-properties' to 'false' to disable
2024-05-15 13:11:33,451 INFO org.springframework.boot.devtools.env.DevToolsPropertyDefaultsPostProcessor [restartedMain] For additional web related logging consider setting the 'logging.level.web' property to 'DEBUG'
2024-05-15 13:11:34,558 INFO org.springframework.data.repository.config.RepositoryConfigurationDelegate [restartedMain] Bootstrapping Spring Data JPA repositories in DEFAULT mode.
2024-05-15 13:11:34,670 INFO org.springframework.data.repository.config.RepositoryConfigurationDelegate [restartedMain] Finished Spring Data repository scanning in 97 ms. Found 4 JPA repository interfaces.
2024-05-15 13:11:35,505 INFO org.springframework.boot.web.embedded.tomcat.TomcatWebServer [restartedMain] Tomcat initialized with port 8080 (http)
2024-05-15 13:11:35,521 INFO org.apache.catalina.core.StandardService [restartedMain] Starting service [Tomcat]
2024-05-15 13:11:35,521 INFO org.apache.catalina.core.StandardEngine [restartedMain] Starting Servlet engine: [Apache Tomcat/10.1.20]
2024-05-15 13:11:35,599 INFO org.apache.catalina.core.ContainerBase.[Tomcat].[localhost].[/] [restartedMain] Initializing Spring embedded WebApplicationContext
2024-05-15 13:11:35,599 INFO org.springframework.boot.web.servlet.context.ServletWebServerApplicationContext [restartedMain] Root WebApplicationContext: initialization completed in 2148 ms
2024-05-15 13:11:35,804 INFO org.hibernate.jpa.internal.util.LogHelper [restartedMain] HHH000204: Processing PersistenceUnitInfo [name: default]
2024-05-15 13:11:35,868 INFO org.hibernate.Version [restartedMain] HHH000412: Hibernate ORM core version 6.4.4.Final
2024-05-15 13:11:35,899 INFO org.hibernate.cache.internal.RegionFactoryInitiator [restartedMain] HHH000026: Second-level cache disabled
2024-05-15 13:11:36,121 INFO org.springframework.orm.jpa.persistenceunit.SpringPersistenceUnitInfo [restartedMain] No LoadTimeWeaver setup: ignoring JPA class transformer
2024-05-15 13:11:36,169 INFO com.zaxxer.hikari.HikariDataSource [restartedMain] HikariPool-1 - Starting...
2024-05-15 13:11:36,326 INFO com.zaxxer.hikari.pool.HikariPool [restartedMain] HikariPool-1 - Added connection com.mysql.cj.jdbc.ConnectionImpl@52c9b9a
2024-05-15 13:11:36,326 INFO com.zaxxer.hikari.HikariDataSource [restartedMain] HikariPool-1 - Start completed.
2024-05-15 13:11:36,390 WARN org.hibernate.dialect.Dialect [restartedMain] HHH000511: The 5.5.0 version for [org.hibernate.dialect.MySQLDialect] is no longer supported, hence certain features may not work properly. The minimum supported version is 8.0.0. Check the community dialects project for available legacy versions.
2024-05-15 13:11:37,559 INFO org.hibernate.engine.transaction.jta.platform.internal.JtaPlatformInitiator [restartedMain] HHH000489: No JTA platform available (set 'hibernate.transaction.jta.platform' to enable JTA platform integration)
2024-05-15 13:11:37,717 INFO org.springframework.orm.jpa.LocalContainerEntityManagerFactoryBean [restartedMain] Initialized JPA EntityManagerFactory for persistence unit 'default'
2024-05-15 13:11:38,018 INFO org.springframework.data.jpa.repository.query.QueryEnhancerFactory [restartedMain] Hibernate is in classpath; If applicable, HQL parser will be used.
2024-05-15 13:11:38,635 WARN org.springframework.boot.autoconfigure.orm.jpa.JpaBaseConfiguration$JpaWebConfiguration [restartedMain] spring.jpa.open-in-view is enabled by default. Therefore, database queries may be performed during view rendering. Explicitly configure spring.jpa.open-in-view to disable this warning
2024-05-15 13:11:38,997 INFO org.springframework.security.web.DefaultSecurityFilterChain [restartedMain] Will secure any request with [org.springframework.security.web.session.DisableEncodeUrlFilter@4f5c448b, org.springframework.security.web.context.request.async.WebAsyncManagerIntegrationFilter@7e2c4978, org.springframework.security.web.context.SecurityContextHolderFilter@86d4e511, org.springframework.security.web.header.HeaderWriterFilter@ff0b5e9, org.springframework.web.filter.CorsFilter@a8f9318, org.springframework.security.web.authentication.logout.LogoutFilter@bec488c, org.springframework.security.web.authentication.UsernamePasswordAuthenticationFilter@b36751ae, org.springframework.security.web.authentication.ui.DefaultLoginPageGeneratingFilter@676fc66a, org.springframework.security.web.authentication.ui.DefaultLogoutPageGeneratingFilter@53ac1ffd, org.springframework.security.web.savedrequest.RequestCacheAwareFilter@ae22dd2f, org.springframework.security.web.servletapi.SecurityContextHolderAwareRequestFilter@16d1ecab, org.springframework.security.web.authentication.AnonymousAuthenticationFilter@9d555c86, org.springframework.security.web.access.ExceptionTranslationFilter@a471ecf2, org.springframework.security.web.access.intercept.FilterSecurityInterceptor@368a81fc]
2024-05-15 13:11:39,323 INFO org.springframework.boot.devtools.autoconfigure.OptionalLiveReloadServer [restartedMain] LiveReload server is running on port 35729
2024-05-15 13:11:39,382 INFO org.springframework.boot.web.embedded.tomcat.TomcatWebServer [restartedMain] Tomcat started on port 8080 (http) with context path ''
2024-05-15 13:11:39,402 INFO com.tt.Buoi31Application [restartedMain] Started Buoi31Application in 6.709 seconds (process running for 7.895)
2024-05-15 13:11:44,438 INFO org.apache.catalina.core.ContainerBase.[Tomcat].[localhost].[/] [http-nio-8080-exec-1] Initializing Spring DispatcherServlet 'dispatcherServlet'
2024-05-15 13:11:44,438 INFO org.springframework.web.servlet.DispatcherServlet [http-nio-8080-exec-1] Initializing Servlet 'dispatcherServlet'
2024-05-15 13:11:44,438 INFO org.springframework.web.servlet.DispatcherServlet [http-nio-8080-exec-1] Completed initialization in 0 ms
2024-05-15 13:11:45,109 WARN org.thymeleaf.standard.processor.AbstractStandardFragmentInsertionTagProcessor [http-nio-8080-exec-1] [THYMELEAF][http-nio-8080-exec-1][admin-index] Deprecated unwrapped fragment expression "admin/admin-new-list.html::adminNewList" found in template admin-index, line 74, col 10. Please use the complete syntax of fragment expressions instead ("~{admin/admin-new-list.html::adminNewList}"). The old, unwrapped syntax for fragment expressions will be removed in future versions of Thymeleaf.
2024-05-15 13:11:46,835 WARN org.thymeleaf.standard.processor.AbstractStandardFragmentInsertionTagProcessor [http-nio-8080-exec-8] [THYMELEAF][http-nio-8080-exec-8][admin-index] Deprecated unwrapped fragment expression "admin/new/edit-new.html::editNew" found in template admin-index, line 81, col 10. Please use the complete syntax of fragment expressions instead ("~{admin/new/edit-new.html::editNew}"). The old, unwrapped syntax for fragment expressions will be removed in future versions of Thymeleaf.
2024-05-15 13:12:05,657 WARN org.thymeleaf.standard.processor.AbstractStandardFragmentInsertionTagProcessor [http-nio-8080-exec-5] [THYMELEAF][http-nio-8080-exec-5][admin-index] Deprecated unwrapped fragment expression "admin/admin-new-list.html::adminNewList" found in template admin-index, line 74, col 10. Please use the complete syntax of fragment expressions instead ("~{admin/admin-new-list.html::adminNewList}"). The old, unwrapped syntax for fragment expressions will be removed in future versions of Thymeleaf.
2024-05-15 13:12:07,567 WARN org.thymeleaf.standard.processor.AbstractStandardFragmentInsertionTagProcessor [http-nio-8080-exec-1] [THYMELEAF][http-nio-8080-exec-1][admin-index] Deprecated unwrapped fragment expression "admin/new/edit-new.html::editNew" found in template admin-index, line 81, col 10. Please use the complete syntax of fragment expressions instead ("~{admin/new/edit-new.html::editNew}"). The old, unwrapped syntax for fragment expressions will be removed in future versions of Thymeleaf.
2024-05-15 13:12:13,841 WARN org.thymeleaf.standard.processor.AbstractStandardFragmentInsertionTagProcessor [http-nio-8080-exec-7] [THYMELEAF][http-nio-8080-exec-7][admin-index] Deprecated unwrapped fragment expression "admin/admin-new-list.html::adminNewList" found in template admin-index, line 74, col 10. Please use the complete syntax of fragment expressions instead ("~{admin/admin-new-list.html::adminNewList}"). The old, unwrapped syntax for fragment expressions will be removed in future versions of Thymeleaf.
2024-05-15 13:12:22,482 WARN org.thymeleaf.standard.processor.AbstractStandardFragmentInsertionTagProcessor [http-nio-8080-exec-3] [THYMELEAF][http-nio-8080-exec-3][admin-index] Deprecated unwrapped fragment expression "admin/new/edit-new.html::editNew" found in template admin-index, line 81, col 10. Please use the complete syntax of fragment expressions instead ("~{admin/new/edit-new.html::editNew}"). The old, unwrapped syntax for fragment expressions will be removed in future versions of Thymeleaf.
2024-05-15 13:12:35,535 WARN org.thymeleaf.standard.processor.AbstractStandardFragmentInsertionTagProcessor [http-nio-8080-exec-9] [THYMELEAF][http-nio-8080-exec-9][admin-index] Deprecated unwrapped fragment expression "admin/admin-new-list.html::adminNewList" found in template admin-index, line 74, col 10. Please use the complete syntax of fragment expressions instead ("~{admin/admin-new-list.html::adminNewList}"). The old, unwrapped syntax for fragment expressions will be removed in future versions of Thymeleaf.
2024-05-15 13:12:47,335 WARN org.thymeleaf.standard.processor.AbstractStandardFragmentInsertionTagProcessor [http-nio-8080-exec-7] [THYMELEAF][http-nio-8080-exec-7][admin-index] Deprecated unwrapped fragment expression "admin/admin-product-list.html::adminProductList" found in template admin-index, line 45, col 10. Please use the complete syntax of fragment expressions instead ("~{admin/admin-product-list.html::adminProductList}"). The old, unwrapped syntax for fragment expressions will be removed in future versions of Thymeleaf.
2024-05-15 13:13:03,377 WARN org.thymeleaf.standard.processor.AbstractStandardFragmentInsertionTagProcessor [http-nio-8080-exec-8] [THYMELEAF][http-nio-8080-exec-8][client-index] Deprecated unwrapped fragment expression "clients/client-home.html::ClientHome" found in template client-index, line 34, col 10. Please use the complete syntax of fragment expressions instead ("~{clients/client-home.html::ClientHome}"). The old, unwrapped syntax for fragment expressions will be removed in future versions of Thymeleaf.
2024-05-15 13:13:05,083 WARN org.thymeleaf.standard.processor.AbstractStandardFragmentInsertionTagProcessor [http-nio-8080-exec-4] [THYMELEAF][http-nio-8080-exec-4][client-index] Deprecated unwrapped fragment expression "clients/product-list-client.html::ProductListClient" found in template client-index, line 38, col 10. Please use the complete syntax of fragment expressions instead ("~{clients/product-list-client.html::ProductListClient}"). The old, unwrapped syntax for fragment expressions will be removed in future versions of Thymeleaf.
2024-05-15 13:24:20,395 INFO org.springframework.orm.jpa.LocalContainerEntityManagerFactoryBean [SpringApplicationShutdownHook] Closing JPA EntityManagerFactory for persistence unit 'default'
2024-05-15 13:24:20,395 INFO com.zaxxer.hikari.HikariDataSource [SpringApplicationShutdownHook] HikariPool-1 - Shutdown initiated...
2024-05-15 13:24:20,418 INFO com.zaxxer.hikari.HikariDataSource [SpringApplicationShutdownHook] HikariPool-1 - Shutdown completed.
2024-05-15 13:24:27,530 INFO com.tt.Buoi31Application [restartedMain] Starting Buoi31Application using Java 17.0.9 with PID 5828 (D:\TB_36_37\Buoi31-error\target\classes started by admin in D:\TB_36_37\Buoi31-error)
2024-05-15 13:24:27,548 INFO com.tt.Buoi31Application [restartedMain] The following 1 profile is active: "local"
2024-05-15 13:24:27,625 INFO org.springframework.boot.devtools.env.DevToolsPropertyDefaultsPostProcessor [restartedMain] Devtools property defaults active! Set 'spring.devtools.add-properties' to 'false' to disable
2024-05-15 13:24:27,625 INFO org.springframework.boot.devtools.env.DevToolsPropertyDefaultsPostProcessor [restartedMain] For additional web related logging consider setting the 'logging.level.web' property to 'DEBUG'
2024-05-15 13:24:28,703 INFO org.springframework.data.repository.config.RepositoryConfigurationDelegate [restartedMain] Bootstrapping Spring Data JPA repositories in DEFAULT mode.
2024-05-15 13:24:28,869 INFO org.springframework.data.repository.config.RepositoryConfigurationDelegate [restartedMain] Finished Spring Data repository scanning in 158 ms. Found 4 JPA repository interfaces.
2024-05-15 13:24:29,812 INFO org.springframework.boot.web.embedded.tomcat.TomcatWebServer [restartedMain] Tomcat initialized with port 8080 (http)
2024-05-15 13:24:29,836 INFO org.apache.catalina.core.StandardService [restartedMain] Starting service [Tomcat]
2024-05-15 13:24:29,836 INFO org.apache.catalina.core.StandardEngine [restartedMain] Starting Servlet engine: [Apache Tomcat/10.1.20]
2024-05-15 13:24:29,932 INFO org.apache.catalina.core.ContainerBase.[Tomcat].[localhost].[/] [restartedMain] Initializing Spring embedded WebApplicationContext
2024-05-15 13:24:29,932 INFO org.springframework.boot.web.servlet.context.ServletWebServerApplicationContext [restartedMain] Root WebApplicationContext: initialization completed in 2307 ms
2024-05-15 13:24:30,148 INFO org.hibernate.jpa.internal.util.LogHelper [restartedMain] HHH000204: Processing PersistenceUnitInfo [name: default]
2024-05-15 13:24:30,194 INFO org.hibernate.Version [restartedMain] HHH000412: Hibernate ORM core version 6.4.4.Final
2024-05-15 13:24:30,276 INFO org.hibernate.cache.internal.RegionFactoryInitiator [restartedMain] HHH000026: Second-level cache disabled
2024-05-15 13:24:30,511 INFO org.springframework.orm.jpa.persistenceunit.SpringPersistenceUnitInfo [restartedMain] No LoadTimeWeaver setup: ignoring JPA class transformer
2024-05-15 13:24:30,550 INFO com.zaxxer.hikari.HikariDataSource [restartedMain] HikariPool-1 - Starting...
2024-05-15 13:24:30,718 INFO com.zaxxer.hikari.pool.HikariPool [restartedMain] HikariPool-1 - Added connection com.mysql.cj.jdbc.ConnectionImpl@ef7b701a
2024-05-15 13:24:30,718 INFO com.zaxxer.hikari.HikariDataSource [restartedMain] HikariPool-1 - Start completed.
2024-05-15 13:24:30,765 WARN org.hibernate.dialect.Dialect [restartedMain] HHH000511: The 5.5.0 version for [org.hibernate.dialect.MySQLDialect] is no longer supported, hence certain features may not work properly. The minimum supported version is 8.0.0. Check the community dialects project for available legacy versions.
2024-05-15 13:24:31,985 INFO org.hibernate.engine.transaction.jta.platform.internal.JtaPlatformInitiator [restartedMain] HHH000489: No JTA platform available (set 'hibernate.transaction.jta.platform' to enable JTA platform integration)
2024-05-15 13:24:32,178 INFO org.springframework.orm.jpa.LocalContainerEntityManagerFactoryBean [restartedMain] Initialized JPA EntityManagerFactory for persistence unit 'default'
2024-05-15 13:24:32,495 INFO org.springframework.data.jpa.repository.query.QueryEnhancerFactory [restartedMain] Hibernate is in classpath; If applicable, HQL parser will be used.
2024-05-15 13:24:33,190 WARN org.springframework.boot.autoconfigure.orm.jpa.JpaBaseConfiguration$JpaWebConfiguration [restartedMain] spring.jpa.open-in-view is enabled by default. Therefore, database queries may be performed during view rendering. Explicitly configure spring.jpa.open-in-view to disable this warning
2024-05-15 13:24:33,600 INFO org.springframework.security.web.DefaultSecurityFilterChain [restartedMain] Will secure any request with [org.springframework.security.web.session.DisableEncodeUrlFilter@19874cf6, org.springframework.security.web.context.request.async.WebAsyncManagerIntegrationFilter@1fdad165, org.springframework.security.web.context.SecurityContextHolderFilter@cf3d14e9, org.springframework.security.web.header.HeaderWriterFilter@b5285236, org.springframework.web.filter.CorsFilter@67b7a3bf, org.springframework.security.web.authentication.logout.LogoutFilter@54c09d5c, org.springframework.security.web.authentication.UsernamePasswordAuthenticationFilter@16314c2a, org.springframework.security.web.authentication.ui.DefaultLoginPageGeneratingFilter@45849c43, org.springframework.security.web.authentication.ui.DefaultLogoutPageGeneratingFilter@c46d2862, org.springframework.security.web.savedrequest.RequestCacheAwareFilter@65bc3735, org.springframework.security.web.servletapi.SecurityContextHolderAwareRequestFilter@935f0fbd, org.springframework.security.web.authentication.AnonymousAuthenticationFilter@5bea92f9, org.springframework.security.web.access.ExceptionTranslationFilter@b0ecadf6, org.springframework.security.web.access.intercept.FilterSecurityInterceptor@7cb6f53d]
2024-05-15 13:24:33,950 INFO org.springframework.boot.devtools.autoconfigure.OptionalLiveReloadServer [restartedMain] LiveReload server is running on port 35729
2024-05-15 13:24:34,004 INFO org.springframework.boot.web.embedded.tomcat.TomcatWebServer [restartedMain] Tomcat started on port 8080 (http) with context path ''
2024-05-15 13:24:34,036 INFO com.tt.Buoi31Application [restartedMain] Started Buoi31Application in 7.137 seconds (process running for 8.293)
2024-05-15 13:30:22,424 INFO org.springframework.orm.jpa.LocalContainerEntityManagerFactoryBean [SpringApplicationShutdownHook] Closing JPA EntityManagerFactory for persistence unit 'default'
2024-05-15 13:30:22,440 INFO com.zaxxer.hikari.HikariDataSource [SpringApplicationShutdownHook] HikariPool-1 - Shutdown initiated...
2024-05-15 13:30:22,440 INFO com.zaxxer.hikari.HikariDataSource [SpringApplicationShutdownHook] HikariPool-1 - Shutdown completed.
2024-05-15 13:30:26,552 INFO com.tt.Buoi31Application [restartedMain] Starting Buoi31Application using Java 17.0.9 with PID 24992 (D:\TB_36_37\Buoi31-error\target\classes started by admin in D:\TB_36_37\Buoi31-error)
2024-05-15 13:30:26,552 INFO com.tt.Buoi31Application [restartedMain] The following 1 profile is active: "local"
2024-05-15 13:30:26,630 INFO org.springframework.boot.devtools.env.DevToolsPropertyDefaultsPostProcessor [restartedMain] Devtools property defaults active! Set 'spring.devtools.add-properties' to 'false' to disable
2024-05-15 13:30:26,630 INFO org.springframework.boot.devtools.env.DevToolsPropertyDefaultsPostProcessor [restartedMain] For additional web related logging consider setting the 'logging.level.web' property to 'DEBUG'
2024-05-15 13:30:27,693 INFO org.springframework.data.repository.config.RepositoryConfigurationDelegate [restartedMain] Bootstrapping Spring Data JPA repositories in DEFAULT mode.
2024-05-15 13:30:27,773 INFO org.springframework.data.repository.config.RepositoryConfigurationDelegate [restartedMain] Finished Spring Data repository scanning in 75 ms. Found 4 JPA repository interfaces.
2024-05-15 13:30:28,589 INFO org.springframework.boot.web.embedded.tomcat.TomcatWebServer [restartedMain] Tomcat initialized with port 8080 (http)
2024-05-15 13:30:28,603 INFO org.apache.catalina.core.StandardService [restartedMain] Starting service [Tomcat]
2024-05-15 13:30:28,603 INFO org.apache.catalina.core.StandardEngine [restartedMain] Starting Servlet engine: [Apache Tomcat/10.1.20]
2024-05-15 13:30:28,678 INFO org.apache.catalina.core.ContainerBase.[Tomcat].[localhost].[/] [restartedMain] Initializing Spring embedded WebApplicationContext
2024-05-15 13:30:28,678 INFO org.springframework.boot.web.servlet.context.ServletWebServerApplicationContext [restartedMain] Root WebApplicationContext: initialization completed in 2048 ms
2024-05-15 13:30:28,899 INFO org.hibernate.jpa.internal.util.LogHelper [restartedMain] HHH000204: Processing PersistenceUnitInfo [name: default]
2024-05-15 13:30:28,979 INFO org.hibernate.Version [restartedMain] HHH000412: Hibernate ORM core version 6.4.4.Final
2024-05-15 13:30:29,011 INFO org.hibernate.cache.internal.RegionFactoryInitiator [restartedMain] HHH000026: Second-level cache disabled
2024-05-15 13:30:29,246 INFO org.springframework.orm.jpa.persistenceunit.SpringPersistenceUnitInfo [restartedMain] No LoadTimeWeaver setup: ignoring JPA class transformer
2024-05-15 13:30:29,285 INFO com.zaxxer.hikari.HikariDataSource [restartedMain] HikariPool-1 - Starting...
2024-05-15 13:30:29,452 INFO com.zaxxer.hikari.pool.HikariPool [restartedMain] HikariPool-1 - Added connection com.mysql.cj.jdbc.ConnectionImpl@4ae9510
2024-05-15 13:30:29,452 INFO com.zaxxer.hikari.HikariDataSource [restartedMain] HikariPool-1 - Start completed.
2024-05-15 13:30:29,500 WARN org.hibernate.dialect.Dialect [restartedMain] HHH000511: The 5.5.0 version for [org.hibernate.dialect.MySQLDialect] is no longer supported, hence certain features may not work properly. The minimum supported version is 8.0.0. Check the community dialects project for available legacy versions.
2024-05-15 13:30:30,605 INFO org.hibernate.engine.transaction.jta.platform.internal.JtaPlatformInitiator [restartedMain] HHH000489: No JTA platform available (set 'hibernate.transaction.jta.platform' to enable JTA platform integration)
2024-05-15 13:30:30,794 INFO org.springframework.orm.jpa.LocalContainerEntityManagerFactoryBean [restartedMain] Initialized JPA EntityManagerFactory for persistence unit 'default'
2024-05-15 13:30:31,086 INFO org.springframework.data.jpa.repository.query.QueryEnhancerFactory [restartedMain] Hibernate is in classpath; If applicable, HQL parser will be used.
2024-05-15 13:30:31,727 WARN org.springframework.boot.autoconfigure.orm.jpa.JpaBaseConfiguration$JpaWebConfiguration [restartedMain] spring.jpa.open-in-view is enabled by default. Therefore, database queries may be performed during view rendering. Explicitly configure spring.jpa.open-in-view to disable this warning
2024-05-15 13:30:32,107 INFO org.springframework.security.web.DefaultSecurityFilterChain [restartedMain] Will secure any request with [org.springframework.security.web.session.DisableEncodeUrlFilter@b496caa9, org.springframework.security.web.context.request.async.WebAsyncManagerIntegrationFilter@a578052d, org.springframework.security.web.context.SecurityContextHolderFilter@d65ffc1f, org.springframework.security.web.header.HeaderWriterFilter@64f2e3e6, org.springframework.web.filter.CorsFilter@1440e5b9, org.springframework.security.web.authentication.logout.LogoutFilter@486d8138, org.springframework.security.web.authentication.UsernamePasswordAuthenticationFilter@22659740, org.springframework.security.web.authentication.ui.DefaultLoginPageGeneratingFilter@fe93f79b, org.springframework.security.web.authentication.ui.DefaultLogoutPageGeneratingFilter@7afecfd6, org.springframework.security.web.savedrequest.RequestCacheAwareFilter@72cec9c2, org.springframework.security.web.servletapi.SecurityContextHolderAwareRequestFilter@3548c769, org.springframework.security.web.authentication.AnonymousAuthenticationFilter@d3988242, org.springframework.security.web.access.ExceptionTranslationFilter@2bdef708, org.springframework.security.web.access.intercept.FilterSecurityInterceptor@c332ac2d]
2024-05-15 13:30:32,440 INFO org.springframework.boot.devtools.autoconfigure.OptionalLiveReloadServer [restartedMain] LiveReload server is running on port 35729
2024-05-15 13:30:32,487 INFO org.springframework.boot.web.embedded.tomcat.TomcatWebServer [restartedMain] Tomcat started on port 8080 (http) with context path ''
2024-05-15 13:30:32,519 INFO com.tt.Buoi31Application [restartedMain] Started Buoi31Application in 6.633 seconds (process running for 8.544)
2024-05-15 13:31:26,833 INFO org.apache.catalina.core.ContainerBase.[Tomcat].[localhost].[/] [http-nio-8080-exec-1] Initializing Spring DispatcherServlet 'dispatcherServlet'
2024-05-15 13:31:26,833 INFO org.springframework.web.servlet.DispatcherServlet [http-nio-8080-exec-1] Initializing Servlet 'dispatcherServlet'
2024-05-15 13:31:26,833 INFO org.springframework.web.servlet.DispatcherServlet [http-nio-8080-exec-1] Completed initialization in 0 ms
2024-05-15 13:31:27,708 WARN org.thymeleaf.standard.processor.AbstractStandardFragmentInsertionTagProcessor [http-nio-8080-exec-1] [THYMELEAF][http-nio-8080-exec-1][client-index] Deprecated unwrapped fragment expression "clients/product-list-client.html::ProductListClient" found in template client-index, line 38, col 10. Please use the complete syntax of fragment expressions instead ("~{clients/product-list-client.html::ProductListClient}"). The old, unwrapped syntax for fragment expressions will be removed in future versions of Thymeleaf.
2024-05-15 13:31:35,209 WARN org.thymeleaf.standard.processor.AbstractStandardFragmentInsertionTagProcessor [http-nio-8080-exec-2] [THYMELEAF][http-nio-8080-exec-2][admin-index] Deprecated unwrapped fragment expression "admin/admin-product-list.html::adminProductList" found in template admin-index, line 45, col 10. Please use the complete syntax of fragment expressions instead ("~{admin/admin-product-list.html::adminProductList}"). The old, unwrapped syntax for fragment expressions will be removed in future versions of Thymeleaf.
2024-05-15 13:31:38,733 WARN org.thymeleaf.standard.processor.AbstractStandardFragmentInsertionTagProcessor [http-nio-8080-exec-2] [THYMELEAF][http-nio-8080-exec-2][admin-index] Deprecated unwrapped fragment expression "admin/admin-product-list.html::adminProductList" found in template admin-index, line 45, col 10. Please use the complete syntax of fragment expressions instead ("~{admin/admin-product-list.html::adminProductList}"). The old, unwrapped syntax for fragment expressions will be removed in future versions of Thymeleaf.
2024-05-15 13:31:46,224 WARN org.thymeleaf.standard.processor.AbstractStandardFragmentInsertionTagProcessor [http-nio-8080-exec-5] [THYMELEAF][http-nio-8080-exec-5][admin-index] Deprecated unwrapped fragment expression "admin/admin-product-list.html::adminProductList" found in template admin-index, line 45, col 10. Please use the complete syntax of fragment expressions instead ("~{admin/admin-product-list.html::adminProductList}"). The old, unwrapped syntax for fragment expressions will be removed in future versions of Thymeleaf.
2024-05-15 13:38:59,556 INFO org.springframework.orm.jpa.LocalContainerEntityManagerFactoryBean [SpringApplicationShutdownHook] Closing JPA EntityManagerFactory for persistence unit 'default'
2024-05-15 13:38:59,556 INFO com.zaxxer.hikari.HikariDataSource [SpringApplicationShutdownHook] HikariPool-1 - Shutdown initiated...
2024-05-15 13:38:59,572 INFO com.zaxxer.hikari.HikariDataSource [SpringApplicationShutdownHook] HikariPool-1 - Shutdown completed.
2024-05-15 13:39:07,000 INFO com.tt.Buoi31Application [restartedMain] Starting Buoi31Application using Java 17.0.9 with PID 37072 (D:\TB_36_37\Buoi31-error\target\classes started by admin in D:\TB_36_37\Buoi31-error)
2024-05-15 13:39:07,000 INFO com.tt.Buoi31Application [restartedMain] The following 1 profile is active: "local"
2024-05-15 13:39:07,065 INFO org.springframework.boot.devtools.env.DevToolsPropertyDefaultsPostProcessor [restartedMain] Devtools property defaults active! Set 'spring.devtools.add-properties' to 'false' to disable
2024-05-15 13:39:07,065 INFO org.springframework.boot.devtools.env.DevToolsPropertyDefaultsPostProcessor [restartedMain] For additional web related logging consider setting the 'logging.level.web' property to 'DEBUG'
2024-05-15 13:39:08,037 INFO org.springframework.data.repository.config.RepositoryConfigurationDelegate [restartedMain] Bootstrapping Spring Data JPA repositories in DEFAULT mode.
2024-05-15 13:39:08,131 INFO org.springframework.data.repository.config.RepositoryConfigurationDelegate [restartedMain] Finished Spring Data repository scanning in 78 ms. Found 4 JPA repository interfaces.
2024-05-15 13:39:08,932 INFO org.springframework.boot.web.embedded.tomcat.TomcatWebServer [restartedMain] Tomcat initialized with port 8080 (http)
2024-05-15 13:39:08,948 INFO org.apache.catalina.core.StandardService [restartedMain] Starting service [Tomcat]
2024-05-15 13:39:08,948 INFO org.apache.catalina.core.StandardEngine [restartedMain] Starting Servlet engine: [Apache Tomcat/10.1.20]
2024-05-15 13:39:09,015 INFO org.apache.catalina.core.ContainerBase.[Tomcat].[localhost].[/] [restartedMain] Initializing Spring embedded WebApplicationContext
2024-05-15 13:39:09,015 INFO org.springframework.boot.web.servlet.context.ServletWebServerApplicationContext [restartedMain] Root WebApplicationContext: initialization completed in 1950 ms
2024-05-15 13:39:09,249 INFO org.hibernate.jpa.internal.util.LogHelper [restartedMain] HHH000204: Processing PersistenceUnitInfo [name: default]
2024-05-15 13:39:09,312 INFO org.hibernate.Version [restartedMain] HHH000412: Hibernate ORM core version 6.4.4.Final
2024-05-15 13:39:09,344 INFO org.hibernate.cache.internal.RegionFactoryInitiator [restartedMain] HHH000026: Second-level cache disabled
2024-05-15 13:39:09,547 INFO org.springframework.orm.jpa.persistenceunit.SpringPersistenceUnitInfo [restartedMain] No LoadTimeWeaver setup: ignoring JPA class transformer
2024-05-15 13:39:09,578 INFO com.zaxxer.hikari.HikariDataSource [restartedMain] HikariPool-1 - Starting...
2024-05-15 13:39:09,734 INFO com.zaxxer.hikari.pool.HikariPool [restartedMain] HikariPool-1 - Added connection com.mysql.cj.jdbc.ConnectionImpl@36b0331e
2024-05-15 13:39:09,734 INFO com.zaxxer.hikari.HikariDataSource [restartedMain] HikariPool-1 - Start completed.
2024-05-15 13:39:09,781 WARN org.hibernate.dialect.Dialect [restartedMain] HHH000511: The 5.5.0 version for [org.hibernate.dialect.MySQLDialect] is no longer supported, hence certain features may not work properly. The minimum supported version is 8.0.0. Check the community dialects project for available legacy versions.
2024-05-15 13:39:10,908 INFO org.hibernate.engine.transaction.jta.platform.internal.JtaPlatformInitiator [restartedMain] HHH000489: No JTA platform available (set 'hibernate.transaction.jta.platform' to enable JTA platform integration)
2024-05-15 13:39:11,064 INFO org.springframework.orm.jpa.LocalContainerEntityManagerFactoryBean [restartedMain] Initialized JPA EntityManagerFactory for persistence unit 'default'
2024-05-15 13:39:11,394 INFO org.springframework.data.jpa.repository.query.QueryEnhancerFactory [restartedMain] Hibernate is in classpath; If applicable, HQL parser will be used.
2024-05-15 13:39:12,020 WARN org.springframework.boot.autoconfigure.orm.jpa.JpaBaseConfiguration$JpaWebConfiguration [restartedMain] spring.jpa.open-in-view is enabled by default. Therefore, database queries may be performed during view rendering. Explicitly configure spring.jpa.open-in-view to disable this warning
2024-05-15 13:39:12,411 INFO org.springframework.security.web.DefaultSecurityFilterChain [restartedMain] Will secure any request with [org.springframework.security.web.session.DisableEncodeUrlFilter@75b12ba1, org.springframework.security.web.context.request.async.WebAsyncManagerIntegrationFilter@ce9e365, org.springframework.security.web.context.SecurityContextHolderFilter@f858b22c, org.springframework.security.web.header.HeaderWriterFilter@6268755c, org.springframework.web.filter.CorsFilter@fa52f4cc, org.springframework.security.web.authentication.logout.LogoutFilter@f2a2d2cf, org.springframework.security.web.authentication.UsernamePasswordAuthenticationFilter@543dbeb8, org.springframework.security.web.authentication.ui.DefaultLoginPageGeneratingFilter@d3d9b1a, org.springframework.security.web.authentication.ui.DefaultLogoutPageGeneratingFilter@9eeb025f, org.springframework.security.web.savedrequest.RequestCacheAwareFilter@6c5ce330, org.springframework.security.web.servletapi.SecurityContextHolderAwareRequestFilter@a7aa28d8, org.springframework.security.web.authentication.AnonymousAuthenticationFilter@56739a84, org.springframework.security.web.access.ExceptionTranslationFilter@2098066b, org.springframework.security.web.access.intercept.FilterSecurityInterceptor@64f4c4d6]
2024-05-15 13:39:12,755 INFO org.springframework.boot.devtools.autoconfigure.OptionalLiveReloadServer [restartedMain] LiveReload server is running on port 35729
2024-05-15 13:39:12,822 INFO org.springframework.boot.web.embedded.tomcat.TomcatWebServer [restartedMain] Tomcat started on port 8080 (http) with context path ''
2024-05-15 13:39:12,849 INFO com.tt.Buoi31Application [restartedMain] Started Buoi31Application in 6.568 seconds (process running for 7.836)
2024-05-15 13:39:34,956 INFO org.apache.catalina.core.ContainerBase.[Tomcat].[localhost].[/] [http-nio-8080-exec-1] Initializing Spring DispatcherServlet 'dispatcherServlet'
2024-05-15 13:39:34,956 INFO org.springframework.web.servlet.DispatcherServlet [http-nio-8080-exec-1] Initializing Servlet 'dispatcherServlet'
2024-05-15 13:39:34,956 INFO org.springframework.web.servlet.DispatcherServlet [http-nio-8080-exec-1] Completed initialization in 0 ms
2024-05-15 13:39:35,812 WARN org.thymeleaf.standard.processor.AbstractStandardFragmentInsertionTagProcessor [http-nio-8080-exec-1] [THYMELEAF][http-nio-8080-exec-1][admin-index] Deprecated unwrapped fragment expression "admin/admin-product-list.html::adminProductList" found in template admin-index, line 45, col 10. Please use the complete syntax of fragment expressions instead ("~{admin/admin-product-list.html::adminProductList}"). The old, unwrapped syntax for fragment expressions will be removed in future versions of Thymeleaf.
2024-05-15 13:39:40,059 WARN org.thymeleaf.standard.processor.AbstractStandardFragmentInsertionTagProcessor [http-nio-8080-exec-10] [THYMELEAF][http-nio-8080-exec-10][admin-index] Deprecated unwrapped fragment expression "admin/admin-new-list.html::adminNewList" found in template admin-index, line 74, col 10. Please use the complete syntax of fragment expressions instead ("~{admin/admin-new-list.html::adminNewList}"). The old, unwrapped syntax for fragment expressions will be removed in future versions of Thymeleaf.
2024-05-15 13:39:47,190 WARN org.thymeleaf.standard.processor.AbstractStandardFragmentInsertionTagProcessor [http-nio-8080-exec-5] [THYMELEAF][http-nio-8080-exec-5][admin-index] Deprecated unwrapped fragment expression "admin/admin-new-list.html::adminNewList" found in template admin-index, line 74, col 10. Please use the complete syntax of fragment expressions instead ("~{admin/admin-new-list.html::adminNewList}"). The old, unwrapped syntax for fragment expressions will be removed in future versions of Thymeleaf.
2024-05-15 13:39:50,617 WARN org.thymeleaf.standard.processor.AbstractStandardFragmentInsertionTagProcessor [http-nio-8080-exec-1] [THYMELEAF][http-nio-8080-exec-1][admin-index] Deprecated unwrapped fragment expression "admin/admin-new-list.html::adminNewList" found in template admin-index, line 74, col 10. Please use the complete syntax of fragment expressions instead ("~{admin/admin-new-list.html::adminNewList}"). The old, unwrapped syntax for fragment expressions will be removed in future versions of Thymeleaf.
2024-05-15 13:39:54,087 WARN org.thymeleaf.standard.processor.AbstractStandardFragmentInsertionTagProcessor [http-nio-8080-exec-5] [THYMELEAF][http-nio-8080-exec-5][admin-index] Deprecated unwrapped fragment expression "admin/admin-new-list.html::adminNewList" found in template admin-index, line 74, col 10. Please use the complete syntax of fragment expressions instead ("~{admin/admin-new-list.html::adminNewList}"). The old, unwrapped syntax for fragment expressions will be removed in future versions of Thymeleaf.
2024-05-15 13:39:58,256 WARN org.thymeleaf.standard.processor.AbstractStandardFragmentInsertionTagProcessor [http-nio-8080-exec-1] [THYMELEAF][http-nio-8080-exec-1][admin-index] Deprecated unwrapped fragment expression "admin/admin-new-list.html::adminNewList" found in template admin-index, line 74, col 10. Please use the complete syntax of fragment expressions instead ("~{admin/admin-new-list.html::adminNewList}"). The old, unwrapped syntax for fragment expressions will be removed in future versions of Thymeleaf.
2024-05-15 13:40:02,020 WARN org.thymeleaf.standard.processor.AbstractStandardFragmentInsertionTagProcessor [http-nio-8080-exec-9] [THYMELEAF][http-nio-8080-exec-9][admin-index] Deprecated unwrapped fragment expression "admin/admin-new-list.html::adminNewList" found in template admin-index, line 74, col 10. Please use the complete syntax of fragment expressions instead ("~{admin/admin-new-list.html::adminNewList}"). The old, unwrapped syntax for fragment expressions will be removed in future versions of Thymeleaf.
2024-05-15 13:40:06,627 WARN org.thymeleaf.standard.processor.AbstractStandardFragmentInsertionTagProcessor [http-nio-8080-exec-6] [THYMELEAF][http-nio-8080-exec-6][admin-index] Deprecated unwrapped fragment expression "admin/admin-new-list.html::adminNewList" found in template admin-index, line 74, col 10. Please use the complete syntax of fragment expressions instead ("~{admin/admin-new-list.html::adminNewList}"). The old, unwrapped syntax for fragment expressions will be removed in future versions of Thymeleaf.
2024-05-15 13:40:10,771 WARN org.thymeleaf.standard.processor.AbstractStandardFragmentInsertionTagProcessor [http-nio-8080-exec-2] [THYMELEAF][http-nio-8080-exec-2][admin-index] Deprecated unwrapped fragment expression "admin/admin-new-list.html::adminNewList" found in template admin-index, line 74, col 10. Please use the complete syntax of fragment expressions instead ("~{admin/admin-new-list.html::adminNewList}"). The old, unwrapped syntax for fragment expressions will be removed in future versions of Thymeleaf.
2024-05-15 13:47:47,268 WARN org.thymeleaf.standard.processor.AbstractStandardFragmentInsertionTagProcessor [http-nio-8080-exec-1] [THYMELEAF][http-nio-8080-exec-1][admin-index] Deprecated unwrapped fragment expression "admin/admin-product-list.html::adminProductList" found in template admin-index, line 45, col 10. Please use the complete syntax of fragment expressions instead ("~{admin/admin-product-list.html::adminProductList}"). The old, unwrapped syntax for fragment expressions will be removed in future versions of Thymeleaf.
2024-05-15 13:47:50,840 WARN org.thymeleaf.standard.processor.AbstractStandardFragmentInsertionTagProcessor [http-nio-8080-exec-4] [THYMELEAF][http-nio-8080-exec-4][admin-index] Deprecated unwrapped fragment expression "admin/product/edit-product.html::editProduct" found in template admin-index, line 57, col 10. Please use the complete syntax of fragment expressions instead ("~{admin/product/edit-product.html::editProduct}"). The old, unwrapped syntax for fragment expressions will be removed in future versions of Thymeleaf.
2024-05-15 13:48:03,922 WARN org.thymeleaf.standard.processor.AbstractStandardFragmentInsertionTagProcessor [http-nio-8080-exec-10] [THYMELEAF][http-nio-8080-exec-10][admin-index] Deprecated unwrapped fragment expression "admin/admin-product-list.html::adminProductList" found in template admin-index, line 45, col 10. Please use the complete syntax of fragment expressions instead ("~{admin/admin-product-list.html::adminProductList}"). The old, unwrapped syntax for fragment expressions will be removed in future versions of Thymeleaf.
2024-05-15 13:48:07,977 WARN org.thymeleaf.standard.processor.AbstractStandardFragmentInsertionTagProcessor [http-nio-8080-exec-6] [THYMELEAF][http-nio-8080-exec-6][admin-index] Deprecated unwrapped fragment expression "admin/admin-account-list.html::adminAccountList" found in template admin-index, line 41, col 10. Please use the complete syntax of fragment expressions instead ("~{admin/admin-account-list.html::adminAccountList}"). The old, unwrapped syntax for fragment expressions will be removed in future versions of Thymeleaf.
2024-05-15 13:58:41,094 WARN com.zaxxer.hikari.pool.HikariPool [HikariPool-1 housekeeper] HikariPool-1 - Thread starvation or clock leap detected (housekeeper delta=1m30s936ms665µs800ns).
2024-05-15 14:02:14,496 WARN org.thymeleaf.standard.processor.AbstractStandardFragmentInsertionTagProcessor [http-nio-8080-exec-6] [THYMELEAF][http-nio-8080-exec-6][admin-index] Deprecated unwrapped fragment expression "admin/admin-account-list.html::adminAccountList" found in template admin-index, line 41, col 10. Please use the complete syntax of fragment expressions instead ("~{admin/admin-account-list.html::adminAccountList}"). The old, unwrapped syntax for fragment expressions will be removed in future versions of Thymeleaf.
2024-05-15 14:02:15,126 WARN org.thymeleaf.standard.processor.AbstractStandardFragmentInsertionTagProcessor [http-nio-8080-exec-8] [THYMELEAF][http-nio-8080-exec-8][admin-index] Deprecated unwrapped fragment expression "admin/account/add-account.html::addAccount" found in template admin-index, line 51, col 10. Please use the complete syntax of fragment expressions instead ("~{admin/account/add-account.html::addAccount}"). The old, unwrapped syntax for fragment expressions will be removed in future versions of Thymeleaf.
2024-05-15 14:02:17,668 WARN org.springframework.web.servlet.mvc.support.DefaultHandlerExceptionResolver [http-nio-8080-exec-9] Resolved [org.springframework.web.HttpRequestMethodNotSupportedException: Request method 'POST' is not supported]
2024-05-15 14:15:23,029 WARN com.zaxxer.hikari.pool.HikariPool [HikariPool-1 housekeeper] HikariPool-1 - Thread starvation or clock leap detected (housekeeper delta=1m41s711ms705µs500ns).
2024-05-15 14:25:27,952 WARN com.zaxxer.hikari.pool.HikariPool [HikariPool-1 housekeeper] HikariPool-1 - Thread starvation or clock leap detected (housekeeper delta=3m34s821ms955µs100ns).
2024-05-15 15:39:03,425 WARN org.apache.catalina.util.SessionIdGeneratorBase [http-nio-8080-exec-7] Creation of SecureRandom instance for session ID generation using [SHA1PRNG] took [133] milliseconds.
2024-05-15 16:29:34,951 INFO org.springframework.orm.jpa.LocalContainerEntityManagerFactoryBean [SpringApplicationShutdownHook] Closing JPA EntityManagerFactory for persistence unit 'default'
2024-05-15 16:29:34,967 INFO com.zaxxer.hikari.HikariDataSource [SpringApplicationShutdownHook] HikariPool-1 - Shutdown initiated...
2024-05-15 16:29:34,967 INFO com.zaxxer.hikari.HikariDataSource [SpringApplicationShutdownHook] HikariPool-1 - Shutdown completed.
2024-05-15 18:39:31,144 INFO com.tt.Buoi31Application [restartedMain] Starting Buoi31Application using Java 17.0.9 with PID 18296 (D:\TB_36_37\Buoi31-error\target\classes started by admin in D:\TB_36_37\Buoi31-error)
2024-05-15 18:39:31,144 INFO com.tt.Buoi31Application [restartedMain] The following 1 profile is active: "local"
2024-05-15 18:39:31,191 INFO org.springframework.boot.devtools.env.DevToolsPropertyDefaultsPostProcessor [restartedMain] Devtools property defaults active! Set 'spring.devtools.add-properties' to 'false' to disable
2024-05-15 18:39:31,191 INFO org.springframework.boot.devtools.env.DevToolsPropertyDefaultsPostProcessor [restartedMain] For additional web related logging consider setting the 'logging.level.web' property to 'DEBUG'
2024-05-15 18:39:32,110 INFO org.springframework.data.repository.config.RepositoryConfigurationDelegate [restartedMain] Bootstrapping Spring Data JPA repositories in DEFAULT mode.
2024-05-15 18:39:32,166 INFO org.springframework.data.repository.config.RepositoryConfigurationDelegate [restartedMain] Finished Spring Data repository scanning in 45 ms. Found 4 JPA repository interfaces.
2024-05-15 18:39:32,664 INFO org.springframework.boot.web.embedded.tomcat.TomcatWebServer [restartedMain] Tomcat initialized with port 8080 (http)
2024-05-15 18:39:32,664 INFO org.apache.catalina.core.StandardService [restartedMain] Starting service [Tomcat]
2024-05-15 18:39:32,664 INFO org.apache.catalina.core.StandardEngine [restartedMain] Starting Servlet engine: [Apache Tomcat/10.1.20]
2024-05-15 18:39:32,727 INFO org.apache.catalina.core.ContainerBase.[Tomcat].[localhost].[/] [restartedMain] Initializing Spring embedded WebApplicationContext
2024-05-15 18:39:32,727 INFO org.springframework.boot.web.servlet.context.ServletWebServerApplicationContext [restartedMain] Root WebApplicationContext: initialization completed in 1536 ms
2024-05-15 18:39:32,838 INFO org.hibernate.jpa.internal.util.LogHelper [restartedMain] HHH000204: Processing PersistenceUnitInfo [name: default]
2024-05-15 18:39:32,883 INFO org.hibernate.Version [restartedMain] HHH000412: Hibernate ORM core version 6.4.4.Final
2024-05-15 18:39:32,934 INFO org.hibernate.cache.internal.RegionFactoryInitiator [restartedMain] HHH000026: Second-level cache disabled
2024-05-15 18:39:33,089 INFO org.springframework.orm.jpa.persistenceunit.SpringPersistenceUnitInfo [restartedMain] No LoadTimeWeaver setup: ignoring JPA class transformer
2024-05-15 18:39:33,119 INFO com.zaxxer.hikari.HikariDataSource [restartedMain] HikariPool-1 - Starting...
2024-05-15 18:39:33,230 INFO com.zaxxer.hikari.pool.HikariPool [restartedMain] HikariPool-1 - Added connection com.mysql.cj.jdbc.ConnectionImpl@b6b56010
2024-05-15 18:39:33,235 INFO com.zaxxer.hikari.HikariDataSource [restartedMain] HikariPool-1 - Start completed.
2024-05-15 18:39:33,269 WARN org.hibernate.dialect.Dialect [restartedMain] HHH000511: The 5.5.0 version for [org.hibernate.dialect.MySQLDialect] is no longer supported, hence certain features may not work properly. The minimum supported version is 8.0.0. Check the community dialects project for available legacy versions.
2024-05-15 18:39:33,973 INFO org.hibernate.engine.transaction.jta.platform.internal.JtaPlatformInitiator [restartedMain] HHH000489: No JTA platform available (set 'hibernate.transaction.jta.platform' to enable JTA platform integration)
2024-05-15 18:39:34,163 INFO org.springframework.orm.jpa.LocalContainerEntityManagerFactoryBean [restartedMain] Initialized JPA EntityManagerFactory for persistence unit 'default'
2024-05-15 18:39:34,373 INFO org.springframework.data.jpa.repository.query.QueryEnhancerFactory [restartedMain] Hibernate is in classpath; If applicable, HQL parser will be used.
2024-05-15 18:39:34,766 WARN org.springframework.boot.autoconfigure.orm.jpa.JpaBaseConfiguration$JpaWebConfiguration [restartedMain] spring.jpa.open-in-view is enabled by default. Therefore, database queries may be performed during view rendering. Explicitly configure spring.jpa.open-in-view to disable this warning
2024-05-15 18:39:35,098 INFO org.springframework.security.web.DefaultSecurityFilterChain [restartedMain] Will secure any request with [org.springframework.security.web.session.DisableEncodeUrlFilter@68eeb580, org.springframework.security.web.context.request.async.WebAsyncManagerIntegrationFilter@19f12f0, org.springframework.security.web.context.SecurityContextHolderFilter@8b8a3596, org.springframework.security.web.header.HeaderWriterFilter@ea6c19e2, org.springframework.web.filter.CorsFilter@8aa21fb0, org.springframework.security.web.authentication.logout.LogoutFilter@67cbaa83, org.springframework.security.web.authentication.UsernamePasswordAuthenticationFilter@8db70909, org.springframework.security.web.authentication.ui.DefaultLoginPageGeneratingFilter@762d9a7f, org.springframework.security.web.authentication.ui.DefaultLogoutPageGeneratingFilter@964a0b49, org.springframework.security.web.savedrequest.RequestCacheAwareFilter@ac513f1c, org.springframework.security.web.servletapi.SecurityContextHolderAwareRequestFilter@d45c6b9b, org.springframework.security.web.authentication.AnonymousAuthenticationFilter@f627a575, org.springframework.security.web.access.ExceptionTranslationFilter@66c07f21, org.springframework.security.web.access.intercept.FilterSecurityInterceptor@220544ef]
2024-05-15 18:39:35,336 INFO org.springframework.boot.devtools.autoconfigure.OptionalLiveReloadServer [restartedMain] LiveReload server is running on port 35729
2024-05-15 18:39:35,382 INFO org.springframework.boot.web.embedded.tomcat.TomcatWebServer [restartedMain] Tomcat started on port 8080 (http) with context path ''
2024-05-15 18:39:35,384 INFO com.tt.Buoi31Application [restartedMain] Started Buoi31Application in 4.69 seconds (process running for 5.537)
2024-05-15 18:39:51,798 INFO org.apache.catalina.core.ContainerBase.[Tomcat].[localhost].[/] [http-nio-8080-exec-1] Initializing Spring DispatcherServlet 'dispatcherServlet'
2024-05-15 18:39:51,798 INFO org.springframework.web.servlet.DispatcherServlet [http-nio-8080-exec-1] Initializing Servlet 'dispatcherServlet'
2024-05-15 18:39:51,798 INFO org.springframework.web.servlet.DispatcherServlet [http-nio-8080-exec-1] Completed initialization in 0 ms
2024-05-15 18:40:04,983 WARN org.thymeleaf.standard.processor.AbstractStandardFragmentInsertionTagProcessor [http-nio-8080-exec-3] [THYMELEAF][http-nio-8080-exec-3][admin-index] Deprecated unwrapped fragment expression "admin/admin-account-list.html::adminAccountList" found in template admin-index, line 41, col 10. Please use the complete syntax of fragment expressions instead ("~{admin/admin-account-list.html::adminAccountList}"). The old, unwrapped syntax for fragment expressions will be removed in future versions of Thymeleaf.
2024-05-15 18:40:06,970 WARN org.thymeleaf.standard.processor.AbstractStandardFragmentInsertionTagProcessor [http-nio-8080-exec-7] [THYMELEAF][http-nio-8080-exec-7][admin-index] Deprecated unwrapped fragment expression "admin/admin-product-list.html::adminProductList" found in template admin-index, line 45, col 10. Please use the complete syntax of fragment expressions instead ("~{admin/admin-product-list.html::adminProductList}"). The old, unwrapped syntax for fragment expressions will be removed in future versions of Thymeleaf.
2024-05-15 18:40:08,586 WARN org.thymeleaf.standard.processor.AbstractStandardFragmentInsertionTagProcessor [http-nio-8080-exec-8] [THYMELEAF][http-nio-8080-exec-8][admin-index] Deprecated unwrapped fragment expression "admin/admin-category-list.html::adminCategoryList" found in template admin-index, line 62, col 10. Please use the complete syntax of fragment expressions instead ("~{admin/admin-category-list.html::adminCategoryList}"). The old, unwrapped syntax for fragment expressions will be removed in future versions of Thymeleaf.
2024-05-15 18:40:09,795 WARN org.thymeleaf.standard.processor.AbstractStandardFragmentInsertionTagProcessor [http-nio-8080-exec-5] [THYMELEAF][http-nio-8080-exec-5][admin-index] Deprecated unwrapped fragment expression "admin/admin-new-list.html::adminNewList" found in template admin-index, line 74, col 10. Please use the complete syntax of fragment expressions instead ("~{admin/admin-new-list.html::adminNewList}"). The old, unwrapped syntax for fragment expressions will be removed in future versions of Thymeleaf.
2024-05-15 18:40:11,299 WARN org.thymeleaf.standard.processor.AbstractStandardFragmentInsertionTagProcessor [http-nio-8080-exec-1] [THYMELEAF][http-nio-8080-exec-1][admin-index] Deprecated unwrapped fragment expression "admin/admin-category-list.html::adminCategoryList" found in template admin-index, line 62, col 10. Please use the complete syntax of fragment expressions instead ("~{admin/admin-category-list.html::adminCategoryList}"). The old, unwrapped syntax for fragment expressions will be removed in future versions of Thymeleaf.
2024-05-15 18:40:13,203 WARN org.thymeleaf.standard.processor.AbstractStandardFragmentInsertionTagProcessor [http-nio-8080-exec-4] [THYMELEAF][http-nio-8080-exec-4][admin-index] Deprecated unwrapped fragment expression "admin/admin-new-list.html::adminNewList" found in template admin-index, line 74, col 10. Please use the complete syntax of fragment expressions instead ("~{admin/admin-new-list.html::adminNewList}"). The old, unwrapped syntax for fragment expressions will be removed in future versions of Thymeleaf.
2024-05-15 18:40:14,990 WARN org.thymeleaf.standard.processor.AbstractStandardFragmentInsertionTagProcessor [http-nio-8080-exec-9] [THYMELEAF][http-nio-8080-exec-9][admin-index] Deprecated unwrapped fragment expression "admin/admin-category-list.html::adminCategoryList" found in template admin-index, line 62, col 10. Please use the complete syntax of fragment expressions instead ("~{admin/admin-category-list.html::adminCategoryList}"). The old, unwrapped syntax for fragment expressions will be removed in future versions of Thymeleaf.
2024-05-15 18:40:16,163 WARN org.thymeleaf.standard.processor.AbstractStandardFragmentInsertionTagProcessor [http-nio-8080-exec-3] [THYMELEAF][http-nio-8080-exec-3][admin-index] Deprecated unwrapped fragment expression "admin/admin-product-list.html::adminProductList" found in template admin-index, line 45, col 10. Please use the complete syntax of fragment expressions instead ("~{admin/admin-product-list.html::adminProductList}"). The old, unwrapped syntax for fragment expressions will be removed in future versions of Thymeleaf.
2024-05-15 18:40:17,941 WARN org.thymeleaf.standard.processor.AbstractStandardFragmentInsertionTagProcessor [http-nio-8080-exec-2] [THYMELEAF][http-nio-8080-exec-2][admin-index] Deprecated unwrapped fragment expression "admin/admin-account-list.html::adminAccountList" found in template admin-index, line 41, col 10. Please use the complete syntax of fragment expressions instead ("~{admin/admin-account-list.html::adminAccountList}"). The old, unwrapped syntax for fragment expressions will be removed in future versions of Thymeleaf.
2024-05-15 18:40:19,402 WARN org.thymeleaf.standard.processor.AbstractStandardFragmentInsertionTagProcessor [http-nio-8080-exec-4] [THYMELEAF][http-nio-8080-exec-4][admin-index] Deprecated unwrapped fragment expression "admin/admin-product-list.html::adminProductList" found in template admin-index, line 45, col 10. Please use the complete syntax of fragment expressions instead ("~{admin/admin-product-list.html::adminProductList}"). The old, unwrapped syntax for fragment expressions will be removed in future versions of Thymeleaf.
2024-05-15 18:40:20,786 WARN org.thymeleaf.standard.processor.AbstractStandardFragmentInsertionTagProcessor [http-nio-8080-exec-10] [THYMELEAF][http-nio-8080-exec-10][admin-index] Deprecated unwrapped fragment expression "admin/admin-category-list.html::adminCategoryList" found in template admin-index, line 62, col 10. Please use the complete syntax of fragment expressions instead ("~{admin/admin-category-list.html::adminCategoryList}"). The old, unwrapped syntax for fragment expressions will be removed in future versions of Thymeleaf.
2024-05-15 18:41:38,114 WARN org.thymeleaf.standard.processor.AbstractStandardFragmentInsertionTagProcessor [http-nio-8080-exec-10] [THYMELEAF][http-nio-8080-exec-10][admin-index] Deprecated unwrapped fragment expression "admin/admin-new-list.html::adminNewList" found in template admin-index, line 74, col 10. Please use the complete syntax of fragment expressions instead ("~{admin/admin-new-list.html::adminNewList}"). The old, unwrapped syntax for fragment expressions will be removed in future versions of Thymeleaf.
2024-05-15 18:41:43,241 WARN org.thymeleaf.standard.processor.AbstractStandardFragmentInsertionTagProcessor [http-nio-8080-exec-1] [THYMELEAF][http-nio-8080-exec-1][admin-index] Deprecated unwrapped fragment expression "admin/admin-category-list.html::adminCategoryList" found in template admin-index, line 62, col 10. Please use the complete syntax of fragment expressions instead ("~{admin/admin-category-list.html::adminCategoryList}"). The old, unwrapped syntax for fragment expressions will be removed in future versions of Thymeleaf.
2024-05-15 18:41:44,245 WARN org.thymeleaf.standard.processor.AbstractStandardFragmentInsertionTagProcessor [http-nio-8080-exec-6] [THYMELEAF][http-nio-8080-exec-6][admin-index] Deprecated unwrapped fragment expression "admin/admin-product-list.html::adminProductList" found in template admin-index, line 45, col 10. Please use the complete syntax of fragment expressions instead ("~{admin/admin-product-list.html::adminProductList}"). The old, unwrapped syntax for fragment expressions will be removed in future versions of Thymeleaf.
2024-05-15 18:41:44,950 WARN org.thymeleaf.standard.processor.AbstractStandardFragmentInsertionTagProcessor [http-nio-8080-exec-4] [THYMELEAF][http-nio-8080-exec-4][admin-index] Deprecated unwrapped fragment expression "admin/admin-account-list.html::adminAccountList" found in template admin-index, line 41, col 10. Please use the complete syntax of fragment expressions instead ("~{admin/admin-account-list.html::adminAccountList}"). The old, unwrapped syntax for fragment expressions will be removed in future versions of Thymeleaf.
2024-05-15 18:41:49,622 WARN org.thymeleaf.standard.processor.AbstractStandardFragmentInsertionTagProcessor [http-nio-8080-exec-3] [THYMELEAF][http-nio-8080-exec-3][admin-index] Deprecated unwrapped fragment expression "admin/admin-account-list.html::adminAccountList" found in template admin-index, line 41, col 10. Please use the complete syntax of fragment expressions instead ("~{admin/admin-account-list.html::adminAccountList}"). The old, unwrapped syntax for fragment expressions will be removed in future versions of Thymeleaf.
2024-05-15 18:47:14,614 WARN org.thymeleaf.standard.processor.AbstractStandardFragmentInsertionTagProcessor [http-nio-8080-exec-3] [THYMELEAF][http-nio-8080-exec-3][admin-index] Deprecated unwrapped fragment expression "admin/admin-category-list.html::adminCategoryList" found in template admin-index, line 62, col 10. Please use the complete syntax of fragment expressions instead ("~{admin/admin-category-list.html::adminCategoryList}"). The old, unwrapped syntax for fragment expressions will be removed in future versions of Thymeleaf.
2024-05-15 18:47:15,920 WARN org.thymeleaf.standard.processor.AbstractStandardFragmentInsertionTagProcessor [http-nio-8080-exec-8] [THYMELEAF][http-nio-8080-exec-8][admin-index] Deprecated unwrapped fragment expression "admin/admin-new-list.html::adminNewList" found in template admin-index, line 74, col 10. Please use the complete syntax of fragment expressions instead ("~{admin/admin-new-list.html::adminNewList}"). The old, unwrapped syntax for fragment expressions will be removed in future versions of Thymeleaf.
2024-05-15 18:47:21,455 WARN org.thymeleaf.standard.processor.AbstractStandardFragmentInsertionTagProcessor [http-nio-8080-exec-9] [THYMELEAF][http-nio-8080-exec-9][client-index] Deprecated unwrapped fragment expression "clients/client-home.html::ClientHome" found in template client-index, line 34, col 10. Please use the complete syntax of fragment expressions instead ("~{clients/client-home.html::ClientHome}"). The old, unwrapped syntax for fragment expressions will be removed in future versions of Thymeleaf.
2024-05-15 18:47:23,550 WARN org.thymeleaf.standard.processor.AbstractStandardFragmentInsertionTagProcessor [http-nio-8080-exec-7] [THYMELEAF][http-nio-8080-exec-7][client-index] Deprecated unwrapped fragment expression "clients/product-list-client.html::ProductListClient" found in template client-index, line 38, col 10. Please use the complete syntax of fragment expressions instead ("~{clients/product-list-client.html::ProductListClient}"). The old, unwrapped syntax for fragment expressions will be removed in future versions of Thymeleaf.
2024-05-15 18:50:10,731 INFO org.springframework.orm.jpa.LocalContainerEntityManagerFactoryBean [SpringApplicationShutdownHook] Closing JPA EntityManagerFactory for persistence unit 'default'
2024-05-15 18:50:10,745 INFO com.zaxxer.hikari.HikariDataSource [SpringApplicationShutdownHook] HikariPool-1 - Shutdown initiated...
2024-05-15 18:50:10,759 INFO com.zaxxer.hikari.HikariDataSource [SpringApplicationShutdownHook] HikariPool-1 - Shutdown completed.
