2024-06-05 19:39:51,421 INFO com.tt.Buoi36Application [restartedMain] Starting Buoi36Application using Java 17.0.9 with PID 15668 (D:\TB_36_37\Buoi36_laco\target\classes started by admin in D:\TB_36_37\Buoi36_laco)
2024-06-05 19:39:51,426 INFO com.tt.Buoi36Application [restartedMain] The following 1 profile is active: "local"
2024-06-05 19:39:51,474 INFO org.springframework.boot.devtools.env.DevToolsPropertyDefaultsPostProcessor [restartedMain] Devtools property defaults active! Set 'spring.devtools.add-properties' to 'false' to disable
2024-06-05 19:39:51,475 INFO org.springframework.boot.devtools.env.DevToolsPropertyDefaultsPostProcessor [restartedMain] For additional web related logging consider setting the 'logging.level.web' property to 'DEBUG'
2024-06-05 19:39:52,599 INFO org.springframework.data.repository.config.RepositoryConfigurationDelegate [restartedMain] Bootstrapping Spring Data JPA repositories in DEFAULT mode.
2024-06-05 19:39:52,674 INFO org.springframework.data.repository.config.RepositoryConfigurationDelegate [restartedMain] Finished Spring Data repository scanning in 67 ms. Found 9 JPA repository interfaces.
2024-06-05 19:39:53,136 INFO org.springframework.boot.web.embedded.tomcat.TomcatWebServer [restartedMain] Tomcat initialized with port 8080 (http)
2024-06-05 19:39:53,146 INFO org.apache.catalina.core.StandardService [restartedMain] Starting service [Tomcat]
2024-06-05 19:39:53,146 INFO org.apache.catalina.core.StandardEngine [restartedMain] Starting Servlet engine: [Apache Tomcat/10.1.20]
2024-06-05 19:39:53,195 INFO org.apache.catalina.core.ContainerBase.[Tomcat].[localhost].[/] [restartedMain] Initializing Spring embedded WebApplicationContext
2024-06-05 19:39:53,196 INFO org.springframework.boot.web.servlet.context.ServletWebServerApplicationContext [restartedMain] Root WebApplicationContext: initialization completed in 1721 ms
2024-06-05 19:39:53,344 INFO org.hibernate.jpa.internal.util.LogHelper [restartedMain] HHH000204: Processing PersistenceUnitInfo [name: default]
2024-06-05 19:39:53,401 INFO org.hibernate.Version [restartedMain] HHH000412: Hibernate ORM core version 6.4.4.Final
2024-06-05 19:39:53,458 INFO org.hibernate.cache.internal.RegionFactoryInitiator [restartedMain] HHH000026: Second-level cache disabled
2024-06-05 19:39:53,616 INFO org.springframework.orm.jpa.persistenceunit.SpringPersistenceUnitInfo [restartedMain] No LoadTimeWeaver setup: ignoring JPA class transformer
2024-06-05 19:39:53,637 INFO com.zaxxer.hikari.HikariDataSource [restartedMain] HikariPool-1 - Starting...
2024-06-05 19:39:53,750 INFO com.zaxxer.hikari.pool.HikariPool [restartedMain] HikariPool-1 - Added connection com.mysql.cj.jdbc.ConnectionImpl@d54f75f3
2024-06-05 19:39:53,751 INFO com.zaxxer.hikari.HikariDataSource [restartedMain] HikariPool-1 - Start completed.
2024-06-05 19:39:53,784 WARN org.hibernate.dialect.Dialect [restartedMain] HHH000511: The 5.5.0 version for [org.hibernate.dialect.MySQLDialect] is no longer supported, hence certain features may not work properly. The minimum supported version is 8.0.0. Check the community dialects project for available legacy versions.
2024-06-05 19:39:54,611 INFO org.hibernate.engine.transaction.jta.platform.internal.JtaPlatformInitiator [restartedMain] HHH000489: No JTA platform available (set 'hibernate.transaction.jta.platform' to enable JTA platform integration)
2024-06-05 19:39:54,813 INFO org.springframework.orm.jpa.LocalContainerEntityManagerFactoryBean [restartedMain] Initialized JPA EntityManagerFactory for persistence unit 'default'
2024-06-05 19:39:55,108 INFO org.springframework.data.jpa.repository.query.QueryEnhancerFactory [restartedMain] Hibernate is in classpath; If applicable, HQL parser will be used.
2024-06-05 19:39:55,523 WARN org.springframework.boot.autoconfigure.orm.jpa.JpaBaseConfiguration$JpaWebConfiguration [restartedMain] spring.jpa.open-in-view is enabled by default. Therefore, database queries may be performed during view rendering. Explicitly configure spring.jpa.open-in-view to disable this warning
2024-06-05 19:39:55,782 INFO org.springframework.security.web.DefaultSecurityFilterChain [restartedMain] Will secure any request with [org.springframework.security.web.session.DisableEncodeUrlFilter@411bcf1e, org.springframework.security.web.context.request.async.WebAsyncManagerIntegrationFilter@b5ac98cf, org.springframework.security.web.context.SecurityContextHolderFilter@cb9a90e5, org.springframework.security.web.header.HeaderWriterFilter@5cb9f5b9, org.springframework.web.filter.CorsFilter@813e6a8a, org.springframework.security.web.authentication.logout.LogoutFilter@8546c1da, org.springframework.security.web.authentication.UsernamePasswordAuthenticationFilter@e837e1a1, org.springframework.security.web.authentication.ui.DefaultLoginPageGeneratingFilter@d48714c, org.springframework.security.web.authentication.ui.DefaultLogoutPageGeneratingFilter@e2efb44d, org.springframework.security.web.savedrequest.RequestCacheAwareFilter@f6c1f441, org.springframework.security.web.servletapi.SecurityContextHolderAwareRequestFilter@979ad6bb, org.springframework.security.web.authentication.AnonymousAuthenticationFilter@573f7845, org.springframework.security.web.access.ExceptionTranslationFilter@217469bf, org.springframework.security.web.access.intercept.FilterSecurityInterceptor@2f233772]
2024-06-05 19:39:56,011 INFO org.springframework.boot.devtools.autoconfigure.OptionalLiveReloadServer [restartedMain] LiveReload server is running on port 35729
2024-06-05 19:39:56,044 INFO org.springframework.boot.web.embedded.tomcat.TomcatWebServer [restartedMain] Tomcat started on port 8080 (http) with context path ''
2024-06-05 19:39:56,059 INFO com.tt.Buoi36Application [restartedMain] Started Buoi36Application in 5.083 seconds (process running for 5.905)
2024-06-05 19:42:03,499 INFO org.apache.catalina.core.ContainerBase.[Tomcat].[localhost].[/] [http-nio-8080-exec-1] Initializing Spring DispatcherServlet 'dispatcherServlet'
2024-06-05 19:42:03,500 INFO org.springframework.web.servlet.DispatcherServlet [http-nio-8080-exec-1] Initializing Servlet 'dispatcherServlet'
2024-06-05 19:42:03,502 INFO org.springframework.web.servlet.DispatcherServlet [http-nio-8080-exec-1] Completed initialization in 2 ms
2024-06-05 19:42:24,844 WARN org.thymeleaf.standard.processor.AbstractStandardFragmentInsertionTagProcessor [http-nio-8080-exec-5] [THYMELEAF][http-nio-8080-exec-5][client-index] Deprecated unwrapped fragment expression "clients/client-home.html::ClientHome" found in template client-index, line 205, col 10. Please use the complete syntax of fragment expressions instead ("~{clients/client-home.html::ClientHome}"). The old, unwrapped syntax for fragment expressions will be removed in future versions of Thymeleaf.
